25-04-06 22:29:28.905 [Test worker] INFO  c.s.m.d.r.UserRepositoryTest - Starting UserRepositoryTest using Java 17.0.12 with PID 82337 (started by kangsoyul in /Users/kangsoyul/springstudy/1-sprint-mission)
25-04-06 22:29:28.908 [Test worker] DEBUG c.s.m.d.r.UserRepositoryTest - Running with Spring Boot v3.4.2, Spring v6.2.2
25-04-06 22:29:28.909 [Test worker] INFO  c.s.m.d.r.UserRepositoryTest - The following 1 profile is active: "test"
25-04-06 22:29:31.233 [Test worker] INFO  c.s.m.d.s.LocalBinaryContentStorage - 저장소 폴더 초기화 완료: /Users/kangsoyul/springstudy/1-sprint-mission
25-04-06 22:33:03.456 [Test worker] INFO  c.s.m.d.r.UserRepositoryTest - Starting UserRepositoryTest using Java 17.0.12 with PID 82368 (started by kangsoyul in /Users/kangsoyul/springstudy/1-sprint-mission)
25-04-06 22:33:03.457 [Test worker] DEBUG c.s.m.d.r.UserRepositoryTest - Running with Spring Boot v3.4.2, Spring v6.2.2
25-04-06 22:33:03.458 [Test worker] INFO  c.s.m.d.r.UserRepositoryTest - The following 1 profile is active: "test"
25-04-06 22:33:05.417 [Test worker] INFO  c.s.m.d.s.LocalBinaryContentStorage - 저장소 폴더 초기화 완료: /Users/kangsoyul/springstudy/1-sprint-mission
25-04-06 22:37:54.276 [Test worker] INFO  c.s.m.d.r.UserRepositoryTest - Starting UserRepositoryTest using Java 17.0.12 with PID 82412 (started by kangsoyul in /Users/kangsoyul/springstudy/1-sprint-mission)
25-04-06 22:37:54.276 [Test worker] DEBUG c.s.m.d.r.UserRepositoryTest - Running with Spring Boot v3.4.2, Spring v6.2.2
25-04-06 22:37:54.277 [Test worker] INFO  c.s.m.d.r.UserRepositoryTest - The following 1 profile is active: "test"
25-04-06 22:37:56.303 [Test worker] INFO  c.s.m.d.s.LocalBinaryContentStorage - 저장소 폴더 초기화 완료: /Users/kangsoyul/springstudy/1-sprint-mission
25-04-06 22:40:10.570 [Test worker] INFO  c.s.m.d.r.UserRepositoryTest - Starting UserRepositoryTest using Java 17.0.12 with PID 82474 (started by kangsoyul in /Users/kangsoyul/springstudy/1-sprint-mission)
25-04-06 22:40:10.571 [Test worker] DEBUG c.s.m.d.r.UserRepositoryTest - Running with Spring Boot v3.4.2, Spring v6.2.2
25-04-06 22:40:10.571 [Test worker] INFO  c.s.m.d.r.UserRepositoryTest - The following 1 profile is active: "test"
25-04-06 22:40:31.931 [Test worker] INFO  c.s.m.d.r.UserRepositoryTest - Starting UserRepositoryTest using Java 17.0.12 with PID 82493 (started by kangsoyul in /Users/kangsoyul/springstudy/1-sprint-mission)
25-04-06 22:40:31.932 [Test worker] DEBUG c.s.m.d.r.UserRepositoryTest - Running with Spring Boot v3.4.2, Spring v6.2.2
25-04-06 22:40:31.933 [Test worker] INFO  c.s.m.d.r.UserRepositoryTest - The following 1 profile is active: "test"
25-04-06 22:40:33.934 [Test worker] INFO  c.s.m.d.s.LocalBinaryContentStorage - 저장소 폴더 초기화 완료: /Users/kangsoyul/springstudy/1-sprint-mission
25-04-06 22:47:06.427 [Test worker] INFO  c.s.m.d.r.UserRepositoryTest - Starting UserRepositoryTest using Java 17.0.12 with PID 82804 (started by kangsoyul in /Users/kangsoyul/springstudy/1-sprint-mission)
25-04-06 22:47:06.428 [Test worker] DEBUG c.s.m.d.r.UserRepositoryTest - Running with Spring Boot v3.4.2, Spring v6.2.2
25-04-06 22:47:06.429 [Test worker] INFO  c.s.m.d.r.UserRepositoryTest - The following 1 profile is active: "test"
25-04-06 22:47:08.736 [Test worker] INFO  c.s.m.d.s.LocalBinaryContentStorage - 저장소 폴더 초기화 완료: /Users/kangsoyul/springstudy/1-sprint-mission
25-04-06 22:48:20.465 [Test worker] INFO  c.s.m.d.r.UserRepositoryTest - Starting UserRepositoryTest using Java 17.0.12 with PID 82836 (started by kangsoyul in /Users/kangsoyul/springstudy/1-sprint-mission)
25-04-06 22:48:20.466 [Test worker] DEBUG c.s.m.d.r.UserRepositoryTest - Running with Spring Boot v3.4.2, Spring v6.2.2
25-04-06 22:48:20.466 [Test worker] INFO  c.s.m.d.r.UserRepositoryTest - The following 1 profile is active: "test"
25-04-06 22:48:22.490 [Test worker] INFO  c.s.m.d.s.LocalBinaryContentStorage - 저장소 폴더 초기화 완료: /Users/kangsoyul/springstudy/1-sprint-mission
25-04-06 22:50:04.495 [Test worker] INFO  c.s.m.d.r.UserRepositoryTest - Starting UserRepositoryTest using Java 17.0.12 with PID 82864 (started by kangsoyul in /Users/kangsoyul/springstudy/1-sprint-mission)
25-04-06 22:50:04.496 [Test worker] DEBUG c.s.m.d.r.UserRepositoryTest - Running with Spring Boot v3.4.2, Spring v6.2.2
25-04-06 22:50:04.496 [Test worker] INFO  c.s.m.d.r.UserRepositoryTest - The following 1 profile is active: "test"
25-04-06 22:52:34.451 [Test worker] INFO  c.s.m.d.r.UserRepositoryTest - Starting UserRepositoryTest using Java 17.0.12 with PID 82920 (started by kangsoyul in /Users/kangsoyul/springstudy/1-sprint-mission)
25-04-06 22:52:34.451 [Test worker] DEBUG c.s.m.d.r.UserRepositoryTest - Running with Spring Boot v3.4.2, Spring v6.2.2
25-04-06 22:52:34.452 [Test worker] INFO  c.s.m.d.r.UserRepositoryTest - The following 1 profile is active: "test"
25-04-06 22:53:34.155 [Test worker] INFO  c.s.m.d.r.UserRepositoryTest - Starting UserRepositoryTest using Java 17.0.12 with PID 82946 (started by kangsoyul in /Users/kangsoyul/springstudy/1-sprint-mission)
25-04-06 22:53:34.156 [Test worker] DEBUG c.s.m.d.r.UserRepositoryTest - Running with Spring Boot v3.4.2, Spring v6.2.2
25-04-06 22:53:34.157 [Test worker] INFO  c.s.m.d.r.UserRepositoryTest - The following 1 profile is active: "test"
25-04-06 22:56:46.853 [Test worker] INFO  c.s.m.d.r.UserRepositoryTest - Starting UserRepositoryTest using Java 17.0.12 with PID 83014 (started by kangsoyul in /Users/kangsoyul/springstudy/1-sprint-mission)
25-04-06 22:56:46.854 [Test worker] DEBUG c.s.m.d.r.UserRepositoryTest - Running with Spring Boot v3.4.2, Spring v6.2.2
25-04-06 22:56:46.854 [Test worker] INFO  c.s.m.d.r.UserRepositoryTest - The following 1 profile is active: "test"
25-04-06 23:01:38.668 [Test worker] INFO  c.s.m.d.r.UserRepositoryTest - Starting UserRepositoryTest using Java 17.0.12 with PID 83156 (started by kangsoyul in /Users/kangsoyul/springstudy/1-sprint-mission)
25-04-06 23:01:38.669 [Test worker] DEBUG c.s.m.d.r.UserRepositoryTest - Running with Spring Boot v3.4.2, Spring v6.2.2
25-04-06 23:01:38.669 [Test worker] INFO  c.s.m.d.r.UserRepositoryTest - The following 1 profile is active: "test"
25-04-06 23:04:28.666 [Test worker] INFO  c.s.m.d.r.UserRepositoryTest - Starting UserRepositoryTest using Java 17.0.12 with PID 83198 (started by kangsoyul in /Users/kangsoyul/springstudy/1-sprint-mission)
25-04-06 23:04:28.667 [Test worker] DEBUG c.s.m.d.r.UserRepositoryTest - Running with Spring Boot v3.4.2, Spring v6.2.2
25-04-06 23:04:28.668 [Test worker] INFO  c.s.m.d.r.UserRepositoryTest - The following 1 profile is active: "test"
25-04-06 23:04:30.772 [Test worker] INFO  c.s.m.d.s.LocalBinaryContentStorage - 저장소 폴더 초기화 완료: /Users/kangsoyul/springstudy/1-sprint-mission
25-04-06 23:04:39.369 [Test worker] INFO  c.s.m.d.r.UserRepositoryTest - Starting UserRepositoryTest using Java 17.0.12 with PID 83207 (started by kangsoyul in /Users/kangsoyul/springstudy/1-sprint-mission)
25-04-06 23:04:39.370 [Test worker] DEBUG c.s.m.d.r.UserRepositoryTest - Running with Spring Boot v3.4.2, Spring v6.2.2
25-04-06 23:04:39.370 [Test worker] INFO  c.s.m.d.r.UserRepositoryTest - The following 1 profile is active: "test"
25-04-06 23:04:41.588 [Test worker] INFO  c.s.m.d.s.LocalBinaryContentStorage - 저장소 폴더 초기화 완료: /Users/kangsoyul/springstudy/1-sprint-mission
25-04-06 23:05:46.727 [Test worker] INFO  c.s.m.d.r.UserRepositoryTest - Starting UserRepositoryTest using Java 17.0.12 with PID 83235 (started by kangsoyul in /Users/kangsoyul/springstudy/1-sprint-mission)
25-04-06 23:05:46.728 [Test worker] DEBUG c.s.m.d.r.UserRepositoryTest - Running with Spring Boot v3.4.2, Spring v6.2.2
25-04-06 23:05:46.729 [Test worker] INFO  c.s.m.d.r.UserRepositoryTest - The following 1 profile is active: "test"
25-04-06 23:05:49.732 [Test worker] INFO  c.s.m.d.s.LocalBinaryContentStorage - 저장소 폴더 초기화 완료: /Users/kangsoyul/springstudy/1-sprint-mission
25-04-06 23:09:04.625 [Test worker] INFO  c.s.m.d.r.UserRepositoryTest - Starting UserRepositoryTest using Java 17.0.12 with PID 83278 (started by kangsoyul in /Users/kangsoyul/springstudy/1-sprint-mission)
25-04-06 23:09:04.626 [Test worker] DEBUG c.s.m.d.r.UserRepositoryTest - Running with Spring Boot v3.4.2, Spring v6.2.2
25-04-06 23:09:04.627 [Test worker] INFO  c.s.m.d.r.UserRepositoryTest - The following 1 profile is active: "test"
25-04-06 23:09:06.786 [Test worker] INFO  c.s.m.d.s.LocalBinaryContentStorage - 저장소 폴더 초기화 완료: /Users/kangsoyul/springstudy/1-sprint-mission
25-04-06 23:11:19.875 [Test worker] INFO  c.s.m.d.r.UserRepositoryTest - Starting UserRepositoryTest using Java 17.0.12 with PID 83323 (started by kangsoyul in /Users/kangsoyul/springstudy/1-sprint-mission)
25-04-06 23:11:19.876 [Test worker] DEBUG c.s.m.d.r.UserRepositoryTest - Running with Spring Boot v3.4.2, Spring v6.2.2
25-04-06 23:11:19.876 [Test worker] INFO  c.s.m.d.r.UserRepositoryTest - The following 1 profile is active: "test"
25-04-06 23:11:22.865 [Test worker] INFO  c.s.m.d.s.LocalBinaryContentStorage - 저장소 폴더 초기화 완료: /Users/kangsoyul/springstudy/1-sprint-mission
25-04-06 23:11:23.682 [Test worker] INFO  c.s.m.d.r.UserRepositoryTest - Started UserRepositoryTest in 4.406 seconds (process running for 5.238)
25-04-06 23:15:44.672 [Test worker] INFO  c.s.m.d.r.UserRepositoryTest - Starting UserRepositoryTest using Java 17.0.12 with PID 83426 (started by kangsoyul in /Users/kangsoyul/springstudy/1-sprint-mission)
25-04-06 23:15:44.673 [Test worker] DEBUG c.s.m.d.r.UserRepositoryTest - Running with Spring Boot v3.4.2, Spring v6.2.2
25-04-06 23:15:44.673 [Test worker] INFO  c.s.m.d.r.UserRepositoryTest - The following 1 profile is active: "test"
25-04-06 23:15:46.676 [Test worker] INFO  c.s.m.d.s.LocalBinaryContentStorage - 저장소 폴더 초기화 완료: /Users/kangsoyul/springstudy/1-sprint-mission
25-04-06 23:15:47.549 [Test worker] INFO  c.s.m.d.r.UserRepositoryTest - Started UserRepositoryTest in 3.255 seconds (process running for 4.347)
25-04-06 23:21:25.918 [Test worker] INFO  c.s.m.d.r.UserRepositoryTest - Starting UserRepositoryTest using Java 17.0.12 with PID 83497 (started by kangsoyul in /Users/kangsoyul/springstudy/1-sprint-mission)
25-04-06 23:21:25.919 [Test worker] DEBUG c.s.m.d.r.UserRepositoryTest - Running with Spring Boot v3.4.2, Spring v6.2.2
25-04-06 23:21:25.919 [Test worker] INFO  c.s.m.d.r.UserRepositoryTest - The following 1 profile is active: "test"
25-04-06 23:21:27.897 [Test worker] INFO  c.s.m.d.s.LocalBinaryContentStorage - 저장소 폴더 초기화 완료: /Users/kangsoyul/springstudy/1-sprint-mission
25-04-06 23:21:28.651 [Test worker] INFO  c.s.m.d.r.UserRepositoryTest - Started UserRepositoryTest in 3.099 seconds (process running for 3.942)
25-04-06 23:21:46.632 [Test worker] INFO  c.s.m.d.r.UserRepositoryTest - Starting UserRepositoryTest using Java 17.0.12 with PID 83513 (started by kangsoyul in /Users/kangsoyul/springstudy/1-sprint-mission)
25-04-06 23:21:46.632 [Test worker] DEBUG c.s.m.d.r.UserRepositoryTest - Running with Spring Boot v3.4.2, Spring v6.2.2
25-04-06 23:21:46.633 [Test worker] INFO  c.s.m.d.r.UserRepositoryTest - The following 1 profile is active: "test"
25-04-06 23:21:48.778 [Test worker] INFO  c.s.m.d.s.LocalBinaryContentStorage - 저장소 폴더 초기화 완료: /Users/kangsoyul/springstudy/1-sprint-mission
25-04-06 23:21:49.590 [Test worker] INFO  c.s.m.d.r.UserRepositoryTest - Started UserRepositoryTest in 3.375 seconds (process running for 4.226)
25-04-06 23:21:59.050 [Test worker] INFO  c.s.m.d.r.UserRepositoryTest - Starting UserRepositoryTest using Java 17.0.12 with PID 83526 (started by kangsoyul in /Users/kangsoyul/springstudy/1-sprint-mission)
25-04-06 23:21:59.051 [Test worker] DEBUG c.s.m.d.r.UserRepositoryTest - Running with Spring Boot v3.4.2, Spring v6.2.2
25-04-06 23:21:59.052 [Test worker] INFO  c.s.m.d.r.UserRepositoryTest - The following 1 profile is active: "test"
25-04-06 23:22:01.053 [Test worker] INFO  c.s.m.d.s.LocalBinaryContentStorage - 저장소 폴더 초기화 완료: /Users/kangsoyul/springstudy/1-sprint-mission
25-04-06 23:22:01.774 [Test worker] INFO  c.s.m.d.r.UserRepositoryTest - Started UserRepositoryTest in 3.069 seconds (process running for 3.849)
25-04-06 23:22:06.471 [Test worker] INFO  c.s.m.d.r.UserRepositoryTest - Starting UserRepositoryTest using Java 17.0.12 with PID 83536 (started by kangsoyul in /Users/kangsoyul/springstudy/1-sprint-mission)
25-04-06 23:22:06.472 [Test worker] DEBUG c.s.m.d.r.UserRepositoryTest - Running with Spring Boot v3.4.2, Spring v6.2.2
25-04-06 23:22:06.473 [Test worker] INFO  c.s.m.d.r.UserRepositoryTest - The following 1 profile is active: "test"
25-04-06 23:22:08.689 [Test worker] INFO  c.s.m.d.s.LocalBinaryContentStorage - 저장소 폴더 초기화 완료: /Users/kangsoyul/springstudy/1-sprint-mission
25-04-06 23:22:09.465 [Test worker] INFO  c.s.m.d.r.UserRepositoryTest - Started UserRepositoryTest in 3.311 seconds (process running for 4.157)
25-04-06 23:22:13.676 [Test worker] INFO  c.s.m.d.r.UserRepositoryTest - Starting UserRepositoryTest using Java 17.0.12 with PID 83544 (started by kangsoyul in /Users/kangsoyul/springstudy/1-sprint-mission)
25-04-06 23:22:13.676 [Test worker] DEBUG c.s.m.d.r.UserRepositoryTest - Running with Spring Boot v3.4.2, Spring v6.2.2
25-04-06 23:22:13.677 [Test worker] INFO  c.s.m.d.r.UserRepositoryTest - The following 1 profile is active: "test"
25-04-06 23:22:16.181 [Test worker] INFO  c.s.m.d.s.LocalBinaryContentStorage - 저장소 폴더 초기화 완료: /Users/kangsoyul/springstudy/1-sprint-mission
25-04-06 23:22:16.865 [Test worker] INFO  c.s.m.d.r.UserRepositoryTest - Started UserRepositoryTest in 3.676 seconds (process running for 4.813)
25-04-06 23:22:20.912 [Test worker] INFO  c.s.m.d.r.UserRepositoryTest - Starting UserRepositoryTest using Java 17.0.12 with PID 83552 (started by kangsoyul in /Users/kangsoyul/springstudy/1-sprint-mission)
25-04-06 23:22:20.912 [Test worker] DEBUG c.s.m.d.r.UserRepositoryTest - Running with Spring Boot v3.4.2, Spring v6.2.2
25-04-06 23:22:20.913 [Test worker] INFO  c.s.m.d.r.UserRepositoryTest - The following 1 profile is active: "test"
25-04-06 23:22:23.515 [Test worker] INFO  c.s.m.d.s.LocalBinaryContentStorage - 저장소 폴더 초기화 완료: /Users/kangsoyul/springstudy/1-sprint-mission
25-04-06 23:22:24.691 [Test worker] INFO  c.s.m.d.r.UserRepositoryTest - Started UserRepositoryTest in 4.253 seconds (process running for 5.415)
25-04-06 23:24:09.228 [Test worker] INFO  c.s.m.d.r.UserRepositoryTest - Starting UserRepositoryTest using Java 17.0.12 with PID 83578 (started by kangsoyul in /Users/kangsoyul/springstudy/1-sprint-mission)
25-04-06 23:24:09.231 [Test worker] DEBUG c.s.m.d.r.UserRepositoryTest - Running with Spring Boot v3.4.2, Spring v6.2.2
25-04-06 23:24:09.232 [Test worker] INFO  c.s.m.d.r.UserRepositoryTest - The following 1 profile is active: "test"
25-04-06 23:24:11.492 [Test worker] INFO  c.s.m.d.s.LocalBinaryContentStorage - 저장소 폴더 초기화 완료: /Users/kangsoyul/springstudy/1-sprint-mission
25-04-06 23:24:12.241 [Test worker] INFO  c.s.m.d.r.UserRepositoryTest - Started UserRepositoryTest in 3.409 seconds (process running for 4.414)
25-04-06 23:24:16.657 [Test worker] INFO  c.s.m.d.r.UserRepositoryTest - Starting UserRepositoryTest using Java 17.0.12 with PID 83587 (started by kangsoyul in /Users/kangsoyul/springstudy/1-sprint-mission)
25-04-06 23:24:16.658 [Test worker] DEBUG c.s.m.d.r.UserRepositoryTest - Running with Spring Boot v3.4.2, Spring v6.2.2
25-04-06 23:24:16.659 [Test worker] INFO  c.s.m.d.r.UserRepositoryTest - The following 1 profile is active: "test"
25-04-06 23:24:18.822 [Test worker] INFO  c.s.m.d.s.LocalBinaryContentStorage - 저장소 폴더 초기화 완료: /Users/kangsoyul/springstudy/1-sprint-mission
25-04-06 23:24:19.672 [Test worker] INFO  c.s.m.d.r.UserRepositoryTest - Started UserRepositoryTest in 3.414 seconds (process running for 4.677)
25-04-06 23:28:22.439 [Test worker] INFO  c.s.m.d.r.ChannelRepositoryTest - Starting ChannelRepositoryTest using Java 17.0.12 with PID 83654 (started by kangsoyul in /Users/kangsoyul/springstudy/1-sprint-mission)
25-04-06 23:28:22.440 [Test worker] DEBUG c.s.m.d.r.ChannelRepositoryTest - Running with Spring Boot v3.4.2, Spring v6.2.2
25-04-06 23:28:22.442 [Test worker] INFO  c.s.m.d.r.ChannelRepositoryTest - The following 1 profile is active: "test"
25-04-06 23:28:24.625 [Test worker] INFO  c.s.m.d.s.LocalBinaryContentStorage - 저장소 폴더 초기화 완료: /Users/kangsoyul/springstudy/1-sprint-mission
25-04-06 23:28:25.329 [Test worker] INFO  c.s.m.d.r.ChannelRepositoryTest - Started ChannelRepositoryTest in 3.29 seconds (process running for 4.352)
25-04-06 23:30:30.184 [Test worker] INFO  c.s.m.d.r.ChannelRepositoryTest - Starting ChannelRepositoryTest using Java 17.0.12 with PID 83683 (started by kangsoyul in /Users/kangsoyul/springstudy/1-sprint-mission)
25-04-06 23:30:30.186 [Test worker] DEBUG c.s.m.d.r.ChannelRepositoryTest - Running with Spring Boot v3.4.2, Spring v6.2.2
25-04-06 23:30:30.188 [Test worker] INFO  c.s.m.d.r.ChannelRepositoryTest - The following 1 profile is active: "test"
25-04-06 23:30:32.716 [Test worker] INFO  c.s.m.d.s.LocalBinaryContentStorage - 저장소 폴더 초기화 완료: /Users/kangsoyul/springstudy/1-sprint-mission
25-04-06 23:30:33.641 [Test worker] INFO  c.s.m.d.r.ChannelRepositoryTest - Started ChannelRepositoryTest in 3.973 seconds (process running for 4.844)
25-04-06 23:30:56.020 [Test worker] INFO  c.s.m.d.r.ChannelRepositoryTest - Starting ChannelRepositoryTest using Java 17.0.12 with PID 83699 (started by kangsoyul in /Users/kangsoyul/springstudy/1-sprint-mission)
25-04-06 23:30:56.021 [Test worker] DEBUG c.s.m.d.r.ChannelRepositoryTest - Running with Spring Boot v3.4.2, Spring v6.2.2
25-04-06 23:30:56.021 [Test worker] INFO  c.s.m.d.r.ChannelRepositoryTest - The following 1 profile is active: "test"
25-04-06 23:30:58.019 [Test worker] INFO  c.s.m.d.s.LocalBinaryContentStorage - 저장소 폴더 초기화 완료: /Users/kangsoyul/springstudy/1-sprint-mission
25-04-06 23:30:58.711 [Test worker] INFO  c.s.m.d.r.ChannelRepositoryTest - Started ChannelRepositoryTest in 3.037 seconds (process running for 4.148)
25-04-06 23:31:03.221 [Test worker] INFO  c.s.m.d.r.ChannelRepositoryTest - Starting ChannelRepositoryTest using Java 17.0.12 with PID 83706 (started by kangsoyul in /Users/kangsoyul/springstudy/1-sprint-mission)
25-04-06 23:31:03.222 [Test worker] DEBUG c.s.m.d.r.ChannelRepositoryTest - Running with Spring Boot v3.4.2, Spring v6.2.2
25-04-06 23:31:03.223 [Test worker] INFO  c.s.m.d.r.ChannelRepositoryTest - The following 1 profile is active: "test"
25-04-06 23:31:05.726 [Test worker] INFO  c.s.m.d.s.LocalBinaryContentStorage - 저장소 폴더 초기화 완료: /Users/kangsoyul/springstudy/1-sprint-mission
25-04-06 23:31:07.808 [Test worker] INFO  c.s.m.d.r.ChannelRepositoryTest - Started ChannelRepositoryTest in 4.93 seconds (process running for 5.775)
25-04-06 23:31:22.454 [Test worker] INFO  c.s.m.d.r.ChannelRepositoryTest - Starting ChannelRepositoryTest using Java 17.0.12 with PID 83717 (started by kangsoyul in /Users/kangsoyul/springstudy/1-sprint-mission)
25-04-06 23:31:22.455 [Test worker] DEBUG c.s.m.d.r.ChannelRepositoryTest - Running with Spring Boot v3.4.2, Spring v6.2.2
25-04-06 23:31:22.456 [Test worker] INFO  c.s.m.d.r.ChannelRepositoryTest - The following 1 profile is active: "test"
25-04-06 23:31:24.698 [Test worker] INFO  c.s.m.d.s.LocalBinaryContentStorage - 저장소 폴더 초기화 완료: /Users/kangsoyul/springstudy/1-sprint-mission
25-04-06 23:31:25.448 [Test worker] INFO  c.s.m.d.r.ChannelRepositoryTest - Started ChannelRepositoryTest in 3.318 seconds (process running for 4.091)
25-04-06 23:31:41.344 [Test worker] INFO  c.s.m.d.r.MessageRepositoryTest - Starting MessageRepositoryTest using Java 17.0.12 with PID 83727 (started by kangsoyul in /Users/kangsoyul/springstudy/1-sprint-mission)
25-04-06 23:31:41.345 [Test worker] DEBUG c.s.m.d.r.MessageRepositoryTest - Running with Spring Boot v3.4.2, Spring v6.2.2
25-04-06 23:31:41.345 [Test worker] INFO  c.s.m.d.r.MessageRepositoryTest - The following 1 profile is active: "test"
25-04-06 23:31:43.308 [Test worker] INFO  c.s.m.d.s.LocalBinaryContentStorage - 저장소 폴더 초기화 완료: /Users/kangsoyul/springstudy/1-sprint-mission
25-04-06 23:31:43.990 [Test worker] INFO  c.s.m.d.r.MessageRepositoryTest - Started MessageRepositoryTest in 3.005 seconds (process running for 3.812)
25-04-06 23:31:49.423 [Test worker] INFO  c.s.m.d.r.MessageRepositoryTest - Starting MessageRepositoryTest using Java 17.0.12 with PID 83733 (started by kangsoyul in /Users/kangsoyul/springstudy/1-sprint-mission)
25-04-06 23:31:49.424 [Test worker] DEBUG c.s.m.d.r.MessageRepositoryTest - Running with Spring Boot v3.4.2, Spring v6.2.2
25-04-06 23:31:49.424 [Test worker] INFO  c.s.m.d.r.MessageRepositoryTest - The following 1 profile is active: "test"
25-04-06 23:31:51.598 [Test worker] INFO  c.s.m.d.s.LocalBinaryContentStorage - 저장소 폴더 초기화 완료: /Users/kangsoyul/springstudy/1-sprint-mission
25-04-06 23:31:52.504 [Test worker] INFO  c.s.m.d.r.MessageRepositoryTest - Started MessageRepositoryTest in 3.944 seconds (process running for 4.994)
25-04-06 23:31:56.526 [Test worker] INFO  c.s.m.d.r.MessageRepositoryTest - Starting MessageRepositoryTest using Java 17.0.12 with PID 83739 (started by kangsoyul in /Users/kangsoyul/springstudy/1-sprint-mission)
25-04-06 23:31:56.527 [Test worker] DEBUG c.s.m.d.r.MessageRepositoryTest - Running with Spring Boot v3.4.2, Spring v6.2.2
25-04-06 23:31:56.528 [Test worker] INFO  c.s.m.d.r.MessageRepositoryTest - The following 1 profile is active: "test"
25-04-06 23:31:58.640 [Test worker] INFO  c.s.m.d.s.LocalBinaryContentStorage - 저장소 폴더 초기화 완료: /Users/kangsoyul/springstudy/1-sprint-mission
25-04-06 23:31:59.242 [Test worker] INFO  c.s.m.d.r.MessageRepositoryTest - Started MessageRepositoryTest in 3.156 seconds (process running for 4.135)
25-04-06 23:32:03.031 [Test worker] INFO  c.s.m.d.r.MessageRepositoryTest - Starting MessageRepositoryTest using Java 17.0.12 with PID 83746 (started by kangsoyul in /Users/kangsoyul/springstudy/1-sprint-mission)
25-04-06 23:32:03.032 [Test worker] DEBUG c.s.m.d.r.MessageRepositoryTest - Running with Spring Boot v3.4.2, Spring v6.2.2
25-04-06 23:32:03.032 [Test worker] INFO  c.s.m.d.r.MessageRepositoryTest - The following 1 profile is active: "test"
25-04-06 23:32:05.189 [Test worker] INFO  c.s.m.d.s.LocalBinaryContentStorage - 저장소 폴더 초기화 완료: /Users/kangsoyul/springstudy/1-sprint-mission
25-04-06 23:32:05.879 [Test worker] INFO  c.s.m.d.r.MessageRepositoryTest - Started MessageRepositoryTest in 3.291 seconds (process running for 4.155)
25-04-06 23:32:09.658 [Test worker] INFO  c.s.m.d.r.MessageRepositoryTest - Starting MessageRepositoryTest using Java 17.0.12 with PID 83753 (started by kangsoyul in /Users/kangsoyul/springstudy/1-sprint-mission)
25-04-06 23:32:09.659 [Test worker] DEBUG c.s.m.d.r.MessageRepositoryTest - Running with Spring Boot v3.4.2, Spring v6.2.2
25-04-06 23:32:09.660 [Test worker] INFO  c.s.m.d.r.MessageRepositoryTest - The following 1 profile is active: "test"
25-04-06 23:32:11.924 [Test worker] INFO  c.s.m.d.s.LocalBinaryContentStorage - 저장소 폴더 초기화 완료: /Users/kangsoyul/springstudy/1-sprint-mission
25-04-06 23:32:12.557 [Test worker] INFO  c.s.m.d.r.MessageRepositoryTest - Started MessageRepositoryTest in 3.388 seconds (process running for 4.243)
25-04-06 23:47:37.829 [Test worker] INFO  c.s.m.d.c.UserApiControllerTest - Starting UserApiControllerTest using Java 17.0.12 with PID 83953 (started by kangsoyul in /Users/kangsoyul/springstudy/1-sprint-mission)
25-04-06 23:47:37.830 [Test worker] DEBUG c.s.m.d.c.UserApiControllerTest - Running with Spring Boot v3.4.2, Spring v6.2.2
25-04-06 23:47:37.830 [Test worker] INFO  c.s.m.d.c.UserApiControllerTest - The following 1 profile is active: "test"
25-04-06 23:49:15.558 [Test worker] INFO  c.s.m.d.c.UserApiControllerTest - Starting UserApiControllerTest using Java 17.0.12 with PID 83987 (started by kangsoyul in /Users/kangsoyul/springstudy/1-sprint-mission)
25-04-06 23:49:15.559 [Test worker] DEBUG c.s.m.d.c.UserApiControllerTest - Running with Spring Boot v3.4.2, Spring v6.2.2
25-04-06 23:49:15.560 [Test worker] INFO  c.s.m.d.c.UserApiControllerTest - The following 1 profile is active: "test"
25-04-06 23:49:17.580 [Test worker] INFO  c.s.m.d.s.LocalBinaryContentStorage - 저장소 폴더 초기화 완료: /Users/kangsoyul/springstudy/1-sprint-mission
25-04-06 23:53:16.031 [Test worker] INFO  c.s.m.d.c.UserApiControllerTest - Starting UserApiControllerTest using Java 17.0.12 with PID 84037 (started by kangsoyul in /Users/kangsoyul/springstudy/1-sprint-mission)
25-04-06 23:53:16.032 [Test worker] DEBUG c.s.m.d.c.UserApiControllerTest - Running with Spring Boot v3.4.2, Spring v6.2.2
25-04-06 23:53:16.033 [Test worker] INFO  c.s.m.d.c.UserApiControllerTest - The following 1 profile is active: "test"
25-04-06 23:53:17.221 [Test worker] INFO  c.s.m.d.s.LocalBinaryContentStorage - 저장소 폴더 초기화 완료: /Users/kangsoyul/springstudy/1-sprint-mission
25-04-06 23:56:56.705 [Test worker] INFO  c.s.m.d.c.UserApiControllerTest - Starting UserApiControllerTest using Java 17.0.12 with PID 84119 (started by kangsoyul in /Users/kangsoyul/springstudy/1-sprint-mission)
25-04-06 23:56:56.706 [Test worker] DEBUG c.s.m.d.c.UserApiControllerTest - Running with Spring Boot v3.4.2, Spring v6.2.2
25-04-06 23:56:56.706 [Test worker] INFO  c.s.m.d.c.UserApiControllerTest - The following 1 profile is active: "test"
25-04-06 23:56:57.970 [Test worker] INFO  c.s.m.d.s.LocalBinaryContentStorage - 저장소 폴더 초기화 완료: /Users/kangsoyul/springstudy/1-sprint-mission
25-04-06 23:59:42.704 [Test worker] INFO  c.s.m.d.c.UserApiControllerTest - Starting UserApiControllerTest using Java 17.0.12 with PID 84185 (started by kangsoyul in /Users/kangsoyul/springstudy/1-sprint-mission)
25-04-06 23:59:42.705 [Test worker] DEBUG c.s.m.d.c.UserApiControllerTest - Running with Spring Boot v3.4.2, Spring v6.2.2
25-04-06 23:59:42.706 [Test worker] INFO  c.s.m.d.c.UserApiControllerTest - The following 1 profile is active: "test"
25-04-06 23:59:44.110 [Test worker] INFO  c.s.m.d.s.LocalBinaryContentStorage - 저장소 폴더 초기화 완료: /Users/kangsoyul/springstudy/1-sprint-mission
