25-04-01 17:11:51.937 [main] INFO  c.s.m.discodeit.DiscodeitApplication - Starting DiscodeitApplication using Java 17.0.12 with PID 1413 (/Users/kangsoyul/springstudy/1-sprint-mission/build/classes/java/main started by kangsoyul in /Users/kangsoyul/springstudy/1-sprint-mission)
25-04-01 17:11:51.938 [main] DEBUG c.s.m.discodeit.DiscodeitApplication - Running with Spring Boot v3.4.2, Spring v6.2.2
25-04-01 17:11:51.939 [main] INFO  c.s.m.discodeit.DiscodeitApplication - The following 1 profile is active: "local"
25-04-01 17:14:40.460 [main] INFO  c.s.m.discodeit.DiscodeitApplication - Starting DiscodeitApplication using Java 17.0.12 with PID 1461 (/Users/kangsoyul/springstudy/1-sprint-mission/build/classes/java/main started by kangsoyul in /Users/kangsoyul/springstudy/1-sprint-mission)
25-04-01 17:14:40.460 [main] DEBUG c.s.m.discodeit.DiscodeitApplication - Running with Spring Boot v3.4.2, Spring v6.2.2
25-04-01 17:14:40.461 [main] INFO  c.s.m.discodeit.DiscodeitApplication - The following 1 profile is active: "local"
25-04-01 17:16:02.362 [main] INFO  c.s.m.discodeit.DiscodeitApplication - Starting DiscodeitApplication using Java 17.0.12 with PID 1503 (/Users/kangsoyul/springstudy/1-sprint-mission/build/classes/java/main started by kangsoyul in /Users/kangsoyul/springstudy/1-sprint-mission)
25-04-01 17:16:02.366 [main] DEBUG c.s.m.discodeit.DiscodeitApplication - Running with Spring Boot v3.4.2, Spring v6.2.2
25-04-01 17:16:02.367 [main] INFO  c.s.m.discodeit.DiscodeitApplication - The following 1 profile is active: "dev"
25-04-01 17:17:48.889 [main] INFO  c.s.m.discodeit.DiscodeitApplication - Starting DiscodeitApplication using Java 17.0.12 with PID 1553 (/Users/kangsoyul/springstudy/1-sprint-mission/build/classes/java/main started by kangsoyul in /Users/kangsoyul/springstudy/1-sprint-mission)
25-04-01 17:17:48.890 [main] DEBUG c.s.m.discodeit.DiscodeitApplication - Running with Spring Boot v3.4.2, Spring v6.2.2
25-04-01 17:17:48.890 [main] INFO  c.s.m.discodeit.DiscodeitApplication - The following 1 profile is active: "dev"
25-04-01 17:22:06.411 [main] INFO  c.s.m.discodeit.DiscodeitApplication - Starting DiscodeitApplication using Java 17.0.12 with PID 1638 (/Users/kangsoyul/springstudy/1-sprint-mission/build/classes/java/main started by kangsoyul in /Users/kangsoyul/springstudy/1-sprint-mission)
25-04-01 17:22:06.412 [main] DEBUG c.s.m.discodeit.DiscodeitApplication - Running with Spring Boot v3.4.2, Spring v6.2.2
25-04-01 17:22:06.413 [main] INFO  c.s.m.discodeit.DiscodeitApplication - The following 1 profile is active: "dev"
25-04-01 17:25:44.543 [main] INFO  c.s.m.discodeit.DiscodeitApplication - Starting DiscodeitApplication using Java 17.0.12 with PID 1707 (/Users/kangsoyul/springstudy/1-sprint-mission/build/classes/java/main started by kangsoyul in /Users/kangsoyul/springstudy/1-sprint-mission)
25-04-01 17:25:44.544 [main] DEBUG c.s.m.discodeit.DiscodeitApplication - Running with Spring Boot v3.4.2, Spring v6.2.2
25-04-01 17:25:44.545 [main] INFO  c.s.m.discodeit.DiscodeitApplication - The following 1 profile is active: "dev"
25-04-01 17:27:31.765 [main] INFO  c.s.m.discodeit.DiscodeitApplication - Starting DiscodeitApplication using Java 17.0.12 with PID 1741 (/Users/kangsoyul/springstudy/1-sprint-mission/build/classes/java/main started by kangsoyul in /Users/kangsoyul/springstudy/1-sprint-mission)
25-04-01 17:27:31.765 [main] DEBUG c.s.m.discodeit.DiscodeitApplication - Running with Spring Boot v3.4.2, Spring v6.2.2
25-04-01 17:27:31.765 [main] INFO  c.s.m.discodeit.DiscodeitApplication - The following 1 profile is active: "dev"
25-04-01 17:28:42.172 [main] INFO  c.s.m.discodeit.DiscodeitApplication - Starting DiscodeitApplication using Java 17.0.12 with PID 1762 (/Users/kangsoyul/springstudy/1-sprint-mission/build/classes/java/main started by kangsoyul in /Users/kangsoyul/springstudy/1-sprint-mission)
25-04-01 17:28:42.173 [main] DEBUG c.s.m.discodeit.DiscodeitApplication - Running with Spring Boot v3.4.2, Spring v6.2.2
25-04-01 17:28:42.173 [main] INFO  c.s.m.discodeit.DiscodeitApplication - The following 1 profile is active: "dev"
25-04-01 17:28:46.577 [main] INFO  c.s.m.discodeit.DiscodeitApplication - Started DiscodeitApplication in 4.759 seconds (process running for 5.34)
