25-05-25 21:38:44.411 [main] INFO  c.s.m.discodeit.DiscodeitApplication - Starting DiscodeitApplication using Java 17.0.12 with PID 5736 (/Users/kangsoyul/springstudy/1-sprint-mission/build/classes/java/main started by kangsoyul in /Users/kangsoyul/springstudy/1-sprint-mission)
25-05-25 21:38:44.413 [main] DEBUG c.s.m.discodeit.DiscodeitApplication - Running with Spring Boot v3.4.2, Spring v6.2.2
25-05-25 21:38:44.413 [main] INFO  c.s.m.discodeit.DiscodeitApplication - The following 1 profile is active: "dev"
25-05-25 21:43:27.630 [main] INFO  c.s.m.discodeit.DiscodeitApplication - Starting DiscodeitApplication using Java 17.0.12 with PID 5820 (/Users/kangsoyul/springstudy/1-sprint-mission/build/classes/java/main started by kangsoyul in /Users/kangsoyul/springstudy/1-sprint-mission)
25-05-25 21:43:27.631 [main] DEBUG c.s.m.discodeit.DiscodeitApplication - Running with Spring Boot v3.4.2, Spring v6.2.2
25-05-25 21:43:27.631 [main] INFO  c.s.m.discodeit.DiscodeitApplication - The following 1 profile is active: "dev"
25-05-25 21:43:32.877 [main] INFO  c.s.m.discodeit.DiscodeitApplication - Started DiscodeitApplication in 5.621 seconds (process running for 6.05)
25-05-25 21:43:33.169 [main] INFO  c.s.m.d.security.AdminInitializer - Admin user created
25-05-25 21:43:54.805 [http-nio-8080-exec-2] ERROR c.s.m.d.e.GlobalExceptionHandler - 예기치 못한 오류 발생:No static resource api/auth/login.
25-05-25 21:44:48.372 [http-nio-8080-exec-9] ERROR c.s.m.d.e.GlobalExceptionHandler - 예기치 못한 오류 발생:No static resource api/auth/login.
25-05-25 21:45:59.579 [http-nio-8080-exec-2] ERROR c.s.m.d.e.GlobalExceptionHandler - 예기치 못한 오류 발생:No static resource api/auth/login.
25-05-25 21:48:37.410 [main] INFO  c.s.m.discodeit.DiscodeitApplication - Starting DiscodeitApplication using Java 17.0.12 with PID 5905 (/Users/kangsoyul/springstudy/1-sprint-mission/build/classes/java/main started by kangsoyul in /Users/kangsoyul/springstudy/1-sprint-mission)
25-05-25 21:48:37.410 [main] DEBUG c.s.m.discodeit.DiscodeitApplication - Running with Spring Boot v3.4.2, Spring v6.2.2
25-05-25 21:48:37.411 [main] INFO  c.s.m.discodeit.DiscodeitApplication - The following 1 profile is active: "dev"
25-05-25 21:48:42.353 [main] INFO  c.s.m.discodeit.DiscodeitApplication - Started DiscodeitApplication in 5.311 seconds (process running for 5.706)
25-05-25 21:48:42.448 [main] INFO  c.s.m.d.security.AdminInitializer - Admin user already exists
25-05-25 21:48:47.025 [http-nio-8080-exec-1] INFO  c.s.m.d.controller.UserApiController - 사용자 생성 요청: com.sprint.mission.discodeit.dto.request.UserCreateRequestDto@5bb356d6
25-05-25 21:48:47.029 [http-nio-8080-exec-1] DEBUG c.s.m.d.s.basic.BasicUserService - 사용자 생성 시작: com.sprint.mission.discodeit.dto.request.UserCreateRequestDto@5bb356d6
25-05-25 21:48:47.219 [http-nio-8080-exec-1] INFO  c.s.m.d.s.basic.BasicUserService - 사용자 생성 완료: id=615c7362-26f7-4d83-9f1a-06db079e7157,username=dev
25-05-25 21:48:47.244 [http-nio-8080-exec-1] DEBUG c.s.m.d.controller.UserApiController - 사용자 생성 응답: com.sprint.mission.discodeit.dto.response.UserDto@adcec31
25-05-25 21:48:56.577 [http-nio-8080-exec-3] ERROR c.s.m.d.e.GlobalExceptionHandler - 예기치 못한 오류 발생:No static resource api/auth/login.
25-05-25 21:49:19.176 [http-nio-8080-exec-5] ERROR c.s.m.d.e.GlobalExceptionHandler - 예기치 못한 오류 발생:No static resource api/auth/login.
25-05-25 21:58:29.355 [main] INFO  c.s.m.discodeit.DiscodeitApplication - Starting DiscodeitApplication using Java 17.0.12 with PID 5993 (/Users/kangsoyul/springstudy/1-sprint-mission/build/classes/java/main started by kangsoyul in /Users/kangsoyul/springstudy/1-sprint-mission)
25-05-25 21:58:29.356 [main] DEBUG c.s.m.discodeit.DiscodeitApplication - Running with Spring Boot v3.4.2, Spring v6.2.2
25-05-25 21:58:29.356 [main] INFO  c.s.m.discodeit.DiscodeitApplication - The following 1 profile is active: "dev"
25-05-25 21:58:34.247 [main] INFO  c.s.m.discodeit.DiscodeitApplication - Started DiscodeitApplication in 5.285 seconds (process running for 5.744)
25-05-25 21:58:34.345 [main] INFO  c.s.m.d.security.AdminInitializer - Admin user already exists
25-05-25 21:58:52.671 [http-nio-8080-exec-2] ERROR c.s.m.d.e.GlobalExceptionHandler - 예기치 못한 오류 발생:No static resource api/auth/login.
25-05-25 21:59:07.080 [http-nio-8080-exec-7] ERROR c.s.m.d.e.GlobalExceptionHandler - 예기치 못한 오류 발생:No static resource api/auth/login.
25-05-25 22:00:51.846 [main] INFO  c.s.m.discodeit.DiscodeitApplication - Starting DiscodeitApplication using Java 17.0.12 with PID 6027 (/Users/kangsoyul/springstudy/1-sprint-mission/build/classes/java/main started by kangsoyul in /Users/kangsoyul/springstudy/1-sprint-mission)
25-05-25 22:00:51.847 [main] DEBUG c.s.m.discodeit.DiscodeitApplication - Running with Spring Boot v3.4.2, Spring v6.2.2
25-05-25 22:00:51.847 [main] INFO  c.s.m.discodeit.DiscodeitApplication - The following 1 profile is active: "dev"
25-05-25 22:00:57.092 [main] INFO  c.s.m.discodeit.DiscodeitApplication - Started DiscodeitApplication in 5.648 seconds (process running for 6.107)
25-05-25 22:00:57.186 [main] INFO  c.s.m.d.security.AdminInitializer - Admin user already exists
25-05-25 22:01:13.085 [http-nio-8080-exec-4] ERROR c.s.m.d.e.GlobalExceptionHandler - 예기치 못한 오류 발생:No static resource api/auth/login.
25-05-25 22:18:31.000 [main] INFO  c.s.m.discodeit.DiscodeitApplication - Starting DiscodeitApplication using Java 17.0.12 with PID 6240 (/Users/kangsoyul/springstudy/1-sprint-mission/build/classes/java/main started by kangsoyul in /Users/kangsoyul/springstudy/1-sprint-mission)
25-05-25 22:18:31.001 [main] DEBUG c.s.m.discodeit.DiscodeitApplication - Running with Spring Boot v3.4.2, Spring v6.2.2
25-05-25 22:18:31.001 [main] INFO  c.s.m.discodeit.DiscodeitApplication - The following 1 profile is active: "dev"
25-05-25 22:18:34.382 [main] DEBUG c.s.m.d.s.CustomAuthenticationFilter - Filter 'customAuthenticationFilter' configured for use
25-05-25 22:18:36.110 [main] INFO  c.s.m.discodeit.DiscodeitApplication - Started DiscodeitApplication in 5.527 seconds (process running for 6.073)
25-05-25 22:18:36.207 [main] INFO  c.s.m.d.security.AdminInitializer - Admin user already exists
25-05-25 22:18:49.470 [http-nio-8080-exec-4] DEBUG c.s.m.d.s.CustomAuthenticationFilter - Set SecurityContextHolder to UsernamePasswordAuthenticationToken [Principal=com.sprint.mission.discodeit.security.CustomUserDetails@db28471e, Credentials=[PROTECTED], Authenticated=true, Details=WebAuthenticationDetails [RemoteIpAddress=0:0:0:0:0:0:0:1, SessionId=null], Granted Authorities=[ROLE_USER]]
25-05-25 22:18:49.496 [http-nio-8080-exec-6] DEBUG c.s.m.d.s.basic.BasicUserService - 모든 사용자 조회 시작
25-05-25 22:18:49.505 [http-nio-8080-exec-6] INFO  c.s.m.d.s.basic.BasicUserService - 모든 사용자 조회 완료: 총 2명
25-05-25 22:18:51.022 [http-nio-8080-exec-7] DEBUG c.s.m.d.s.CustomAuthenticationFilter - Set SecurityContextHolder to UsernamePasswordAuthenticationToken [Principal=com.sprint.mission.discodeit.security.CustomUserDetails@e760e751, Credentials=[PROTECTED], Authenticated=true, Details=WebAuthenticationDetails [RemoteIpAddress=0:0:0:0:0:0:0:1, SessionId=null], Granted Authorities=[ROLE_USER]]
25-05-25 22:18:51.034 [http-nio-8080-exec-9] DEBUG c.s.m.d.s.basic.BasicUserService - 모든 사용자 조회 시작
25-05-25 22:18:51.039 [http-nio-8080-exec-9] INFO  c.s.m.d.s.basic.BasicUserService - 모든 사용자 조회 완료: 총 2명
25-05-25 22:19:02.336 [http-nio-8080-exec-10] DEBUG c.s.m.d.s.CustomAuthenticationFilter - Set SecurityContextHolder to UsernamePasswordAuthenticationToken [Principal=com.sprint.mission.discodeit.security.CustomUserDetails@a07422af, Credentials=[PROTECTED], Authenticated=true, Details=WebAuthenticationDetails [RemoteIpAddress=0:0:0:0:0:0:0:1, SessionId=null], Granted Authorities=[ROLE_USER]]
25-05-25 22:19:02.347 [http-nio-8080-exec-3] DEBUG c.s.m.d.s.basic.BasicUserService - 모든 사용자 조회 시작
25-05-25 22:19:02.351 [http-nio-8080-exec-3] INFO  c.s.m.d.s.basic.BasicUserService - 모든 사용자 조회 완료: 총 2명
25-05-25 22:22:59.329 [main] INFO  c.s.m.discodeit.DiscodeitApplication - Starting DiscodeitApplication using Java 17.0.12 with PID 6306 (/Users/kangsoyul/springstudy/1-sprint-mission/build/classes/java/main started by kangsoyul in /Users/kangsoyul/springstudy/1-sprint-mission)
25-05-25 22:22:59.330 [main] DEBUG c.s.m.discodeit.DiscodeitApplication - Running with Spring Boot v3.4.2, Spring v6.2.2
25-05-25 22:22:59.330 [main] INFO  c.s.m.discodeit.DiscodeitApplication - The following 1 profile is active: "dev"
25-05-25 22:23:02.661 [main] DEBUG c.s.m.d.s.CustomAuthenticationFilter - Filter 'customAuthenticationFilter' configured for use
25-05-25 22:23:04.438 [main] INFO  c.s.m.discodeit.DiscodeitApplication - Started DiscodeitApplication in 5.472 seconds (process running for 5.989)
25-05-25 22:23:04.539 [main] INFO  c.s.m.d.security.AdminInitializer - Admin user already exists
25-05-25 22:23:14.959 [http-nio-8080-exec-4] DEBUG c.s.m.d.s.basic.BasicUserService - 모든 사용자 조회 시작
25-05-25 22:23:14.967 [http-nio-8080-exec-4] INFO  c.s.m.d.s.basic.BasicUserService - 모든 사용자 조회 완료: 총 2명
25-05-25 22:23:15.890 [http-nio-8080-exec-6] DEBUG c.s.m.d.s.basic.BasicUserService - 모든 사용자 조회 시작
25-05-25 22:23:15.895 [http-nio-8080-exec-6] INFO  c.s.m.d.s.basic.BasicUserService - 모든 사용자 조회 완료: 총 2명
25-05-25 22:23:21.842 [http-nio-8080-exec-8] DEBUG c.s.m.d.s.basic.BasicUserService - 모든 사용자 조회 시작
25-05-25 22:23:21.846 [http-nio-8080-exec-8] INFO  c.s.m.d.s.basic.BasicUserService - 모든 사용자 조회 완료: 총 2명
25-05-25 22:24:59.322 [http-nio-8080-exec-4] ERROR c.s.m.d.e.GlobalExceptionHandler - 예기치 못한 오류 발생:No static resource .well-known/appspecific/com.chrome.devtools.json.
25-05-25 22:25:07.364 [http-nio-8080-exec-6] DEBUG c.s.m.d.s.basic.BasicUserService - 모든 사용자 조회 시작
25-05-25 22:25:07.369 [http-nio-8080-exec-6] INFO  c.s.m.d.s.basic.BasicUserService - 모든 사용자 조회 완료: 총 2명
25-05-25 22:26:20.255 [main] INFO  c.s.m.discodeit.DiscodeitApplication - Starting DiscodeitApplication using Java 17.0.12 with PID 6348 (/Users/kangsoyul/springstudy/1-sprint-mission/build/classes/java/main started by kangsoyul in /Users/kangsoyul/springstudy/1-sprint-mission)
25-05-25 22:26:20.255 [main] DEBUG c.s.m.discodeit.DiscodeitApplication - Running with Spring Boot v3.4.2, Spring v6.2.2
25-05-25 22:26:20.256 [main] INFO  c.s.m.discodeit.DiscodeitApplication - The following 1 profile is active: "dev"
25-05-25 22:26:23.659 [main] DEBUG c.s.m.d.s.CustomAuthenticationFilter - Filter 'customAuthenticationFilter' configured for use
25-05-25 22:26:25.391 [main] INFO  c.s.m.discodeit.DiscodeitApplication - Started DiscodeitApplication in 5.493 seconds (process running for 5.981)
25-05-25 22:26:25.483 [main] INFO  c.s.m.d.security.AdminInitializer - Admin user already exists
25-05-25 22:26:33.811 [http-nio-8080-exec-4] ERROR c.s.m.d.e.GlobalExceptionHandler - 예기치 못한 오류 발생:No static resource .well-known/appspecific/com.chrome.devtools.json.
25-05-25 22:26:37.287 [http-nio-8080-exec-6] DEBUG c.s.m.d.s.basic.BasicUserService - 모든 사용자 조회 시작
25-05-25 22:26:37.299 [http-nio-8080-exec-6] INFO  c.s.m.d.s.basic.BasicUserService - 모든 사용자 조회 완료: 총 2명
25-05-25 22:28:39.476 [main] INFO  c.s.m.discodeit.DiscodeitApplication - Starting DiscodeitApplication using Java 17.0.12 with PID 6385 (/Users/kangsoyul/springstudy/1-sprint-mission/build/classes/java/main started by kangsoyul in /Users/kangsoyul/springstudy/1-sprint-mission)
25-05-25 22:28:39.476 [main] DEBUG c.s.m.discodeit.DiscodeitApplication - Running with Spring Boot v3.4.2, Spring v6.2.2
25-05-25 22:28:39.476 [main] INFO  c.s.m.discodeit.DiscodeitApplication - The following 1 profile is active: "dev"
25-05-25 22:28:42.881 [main] DEBUG c.s.m.d.s.CustomAuthenticationFilter - Filter 'customAuthenticationFilter' configured for use
25-05-25 22:28:44.578 [main] INFO  c.s.m.discodeit.DiscodeitApplication - Started DiscodeitApplication in 5.476 seconds (process running for 5.862)
25-05-25 22:28:44.670 [main] INFO  c.s.m.d.security.AdminInitializer - Admin user already exists
25-05-25 22:28:49.703 [http-nio-8080-exec-2] DEBUG c.s.m.d.s.basic.BasicUserService - 모든 사용자 조회 시작
25-05-25 22:28:49.712 [http-nio-8080-exec-2] INFO  c.s.m.d.s.basic.BasicUserService - 모든 사용자 조회 완료: 총 2명
25-05-25 22:29:04.903 [http-nio-8080-exec-7] ERROR c.s.m.d.e.GlobalExceptionHandler - 예기치 못한 오류 발생:No static resource .well-known/appspecific/com.chrome.devtools.json.
25-05-25 22:29:09.084 [http-nio-8080-exec-9] DEBUG c.s.m.d.s.basic.BasicUserService - 모든 사용자 조회 시작
25-05-25 22:29:09.089 [http-nio-8080-exec-9] INFO  c.s.m.d.s.basic.BasicUserService - 모든 사용자 조회 완료: 총 2명
25-05-25 22:38:29.226 [main] INFO  c.s.m.discodeit.DiscodeitApplication - Starting DiscodeitApplication using Java 17.0.12 with PID 6489 (/Users/kangsoyul/springstudy/1-sprint-mission/build/classes/java/main started by kangsoyul in /Users/kangsoyul/springstudy/1-sprint-mission)
25-05-25 22:38:29.226 [main] DEBUG c.s.m.discodeit.DiscodeitApplication - Running with Spring Boot v3.4.2, Spring v6.2.2
25-05-25 22:38:29.227 [main] INFO  c.s.m.discodeit.DiscodeitApplication - The following 1 profile is active: "dev"
25-05-25 22:38:32.497 [main] DEBUG c.s.m.d.s.CustomAuthenticationFilter - Filter 'customAuthenticationFilter' configured for use
25-05-25 22:38:34.245 [main] INFO  c.s.m.discodeit.DiscodeitApplication - Started DiscodeitApplication in 5.398 seconds (process running for 5.752)
25-05-25 22:38:34.339 [main] INFO  c.s.m.d.security.AdminInitializer - Admin user already exists
25-05-25 22:38:43.289 [http-nio-8080-exec-4] ERROR c.s.m.d.e.GlobalExceptionHandler - 예기치 못한 오류 발생:No static resource .well-known/appspecific/com.chrome.devtools.json.
25-05-25 22:40:25.300 [main] INFO  c.s.m.discodeit.DiscodeitApplication - Starting DiscodeitApplication using Java 17.0.12 with PID 6522 (/Users/kangsoyul/springstudy/1-sprint-mission/build/classes/java/main started by kangsoyul in /Users/kangsoyul/springstudy/1-sprint-mission)
25-05-25 22:40:25.300 [main] DEBUG c.s.m.discodeit.DiscodeitApplication - Running with Spring Boot v3.4.2, Spring v6.2.2
25-05-25 22:40:25.300 [main] INFO  c.s.m.discodeit.DiscodeitApplication - The following 1 profile is active: "dev"
25-05-25 22:40:28.551 [main] DEBUG c.s.m.d.s.CustomAuthenticationFilter - Filter 'customAuthenticationFilter' configured for use
25-05-25 22:40:30.254 [main] INFO  c.s.m.discodeit.DiscodeitApplication - Started DiscodeitApplication in 5.294 seconds (process running for 5.665)
25-05-25 22:40:30.354 [main] INFO  c.s.m.d.security.AdminInitializer - Admin user already exists
25-05-25 22:40:39.093 [http-nio-8080-exec-1] DEBUG c.s.m.d.s.basic.BasicUserService - 모든 사용자 조회 시작
25-05-25 22:40:39.102 [http-nio-8080-exec-1] INFO  c.s.m.d.s.basic.BasicUserService - 모든 사용자 조회 완료: 총 2명
25-05-25 22:40:41.738 [http-nio-8080-exec-3] DEBUG c.s.m.d.s.basic.BasicUserService - 모든 사용자 조회 시작
25-05-25 22:40:41.744 [http-nio-8080-exec-3] INFO  c.s.m.d.s.basic.BasicUserService - 모든 사용자 조회 완료: 총 2명
25-05-25 22:40:56.054 [http-nio-8080-exec-5] DEBUG c.s.m.d.s.basic.BasicUserService - 모든 사용자 조회 시작
25-05-25 22:40:56.058 [http-nio-8080-exec-5] INFO  c.s.m.d.s.basic.BasicUserService - 모든 사용자 조회 완료: 총 2명
25-05-25 22:42:29.086 [main] INFO  c.s.m.discodeit.DiscodeitApplication - Starting DiscodeitApplication using Java 17.0.12 with PID 6551 (/Users/kangsoyul/springstudy/1-sprint-mission/build/classes/java/main started by kangsoyul in /Users/kangsoyul/springstudy/1-sprint-mission)
25-05-25 22:42:29.086 [main] DEBUG c.s.m.discodeit.DiscodeitApplication - Running with Spring Boot v3.4.2, Spring v6.2.2
25-05-25 22:42:29.087 [main] INFO  c.s.m.discodeit.DiscodeitApplication - The following 1 profile is active: "dev"
25-05-25 22:42:32.369 [main] DEBUG c.s.m.d.s.CustomAuthenticationFilter - Filter 'customAuthenticationFilter' configured for use
25-05-25 22:42:34.085 [main] INFO  c.s.m.discodeit.DiscodeitApplication - Started DiscodeitApplication in 5.345 seconds (process running for 5.683)
25-05-25 22:42:34.181 [main] INFO  c.s.m.d.security.AdminInitializer - Admin user already exists
25-05-25 22:42:38.364 [http-nio-8080-exec-2] DEBUG c.s.m.d.s.basic.BasicUserService - 모든 사용자 조회 시작
25-05-25 22:42:38.372 [http-nio-8080-exec-2] INFO  c.s.m.d.s.basic.BasicUserService - 모든 사용자 조회 완료: 총 2명
25-05-25 22:43:06.353 [http-nio-8080-exec-9] DEBUG c.s.m.d.s.basic.BasicUserService - 모든 사용자 조회 시작
25-05-25 22:43:06.359 [http-nio-8080-exec-9] INFO  c.s.m.d.s.basic.BasicUserService - 모든 사용자 조회 완료: 총 2명
25-05-25 22:45:33.217 [main] INFO  c.s.m.discodeit.DiscodeitApplication - Starting DiscodeitApplication using Java 17.0.12 with PID 6598 (/Users/kangsoyul/springstudy/1-sprint-mission/build/classes/java/main started by kangsoyul in /Users/kangsoyul/springstudy/1-sprint-mission)
25-05-25 22:45:33.217 [main] DEBUG c.s.m.discodeit.DiscodeitApplication - Running with Spring Boot v3.4.2, Spring v6.2.2
25-05-25 22:45:33.217 [main] INFO  c.s.m.discodeit.DiscodeitApplication - The following 1 profile is active: "dev"
25-05-25 22:45:36.487 [main] DEBUG c.s.m.d.s.CustomAuthenticationFilter - Filter 'customAuthenticationFilter' configured for use
25-05-25 22:45:38.221 [main] INFO  c.s.m.discodeit.DiscodeitApplication - Started DiscodeitApplication in 5.362 seconds (process running for 5.731)
25-05-25 22:45:38.322 [main] INFO  c.s.m.d.security.AdminInitializer - Admin user already exists
25-05-25 22:45:56.367 [http-nio-8080-exec-2] DEBUG c.s.m.d.s.basic.BasicUserService - 모든 사용자 조회 시작
25-05-25 22:45:56.376 [http-nio-8080-exec-2] INFO  c.s.m.d.s.basic.BasicUserService - 모든 사용자 조회 완료: 총 2명
